<?xml version="1.0" encoding="UTF-8"?>
<testsuite name="demo.MoneyTest" tests="1" skipped="0" failures="0" errors="0" timestamp="2022-09-15T08:04:55" hostname="MacBook-Pro-de-Sterenn.local" time="0.012">
  <properties/>
  <testcase name="testAddEuros()" classname="demo.MoneyTest" time="0.012"/>
  <system-out><![CDATA[]]></system-out>
  <system-err><![CDATA[]]></system-err>
</testsuite>
